<?xml version="1.0" encoding="UTF-8"?>
<!-- Generated by org.testng.reporters.JUnitXMLReporter -->
<testsuite ignored="3" hostname="LAPTOP-AG5E0IRO" failures="0" tests="1" name="Test" time="8.757" errors="0" timestamp="2021-07-06T20:53:22 IST">
  <testcase classname="myFramweork.TestNGdemo" name="fbLogin" time="3.06"/>
  <testcase classname="myFramweork.TestNGdemo" name="verifymicbtnk" time="0.0">
    <ignored/>
  </testcase> <!-- verifymicbtnk -->
  <testcase classname="myFramweork.TestNGdemo" name="verifySearchBtn" time="0.0">
    <ignored/>
  </testcase> <!-- verifySearchBtn -->
  <testcase classname="myFramweork.TestNGdemo" name="GmailLogin" time="0.0">
    <ignored/>
  </testcase> <!-- GmailLogin -->
</testsuite> <!-- Test -->
