<?xml version="1.0" encoding="UTF-8"?>
<testng-results ignored="3" total="4" passed="1" failed="0" skipped="0">
  <reporter-output>
  </reporter-output>
  <suite started-at="2021-07-06T20:53:13 IST" name="Suite" finished-at="2021-07-06T20:53:22 IST" duration-ms="8757">
    <groups>
    </groups>
    <test started-at="2021-07-06T20:53:13 IST" name="Test" finished-at="2021-07-06T20:53:22 IST" duration-ms="8757">
      <class name="myFramweork.TestNGdemo">
        <test-method is-config="true" signature="LaunchApplication()[pri:0, instance:myFramweork.TestNGdemo@2fb5fe30]" started-at="2021-07-06T20:53:13 IST" name="LaunchApplication" finished-at="2021-07-06T20:53:18 IST" duration-ms="4453" status="PASS">
          <reporter-output>
          </reporter-output>
        </test-method> <!-- LaunchApplication -->
        <test-method signature="fbLogin(java.lang.String, java.lang.String)[pri:0, instance:myFramweork.TestNGdemo@2fb5fe30]" started-at="2021-07-06T20:53:18 IST" name="fbLogin" data-provider="getLoginData" finished-at="2021-07-06T20:53:21 IST" duration-ms="3060" status="PASS">
          <params>
            <param index="0">
              <value>
                <![CDATA[heygarvita@gmail.com]]>
              </value>
            </param>
            <param index="1">
              <value>
                <![CDATA[Omsairam@1802]]>
              </value>
            </param>
          </params>
          <reporter-output>
          </reporter-output>
        </test-method> <!-- fbLogin -->
        <test-method is-config="true" signature="TearDown()[pri:0, instance:myFramweork.TestNGdemo@2fb5fe30]" started-at="2021-07-06T20:53:21 IST" name="TearDown" finished-at="2021-07-06T20:53:22 IST" duration-ms="794" status="PASS">
          <reporter-output>
          </reporter-output>
        </test-method> <!-- TearDown -->
      </class> <!-- myFramweork.TestNGdemo -->
    </test> <!-- Test -->
  </suite> <!-- Suite -->
</testng-results>
